#
# There is insufficient memory for the Java Runtime Environment to continue.
# Native memory allocation (mmap) failed to map 134217728 bytes for G1 virtual space
# Possible reasons:
#   The system is out of physical RAM or swap space
#   The process is running with CompressedOops enabled, and the Java Heap may be blocking the growth of the native heap
# Possible solutions:
#   Reduce memory load on the system
#   Increase physical memory or swap space
#   Check if swap backing store is full
#   Decrease Java heap size (-Xmx/-Xms)
#   Decrease number of Java threads
#   Decrease Java thread stack sizes (-Xss)
#   Set larger code cache with -XX:ReservedCodeCacheSize=
#   JVM is running with Unscaled Compressed Oops mode in which the Java heap is
#     placed in the first 4GB address space. The Java Heap base address is the
#     maximum limit for the native heap growth. Please use -XX:HeapBaseMinAddress
#     to set the Java Heap base and to place the Java Heap above 4GB virtual address.
# This output file may be truncated or incomplete.
#
#  Out of Memory Error (os_windows.cpp:3769), pid=9900, tid=6516
#
# JRE version:  (17.0.6+1) (build )
# Java VM: OpenJDK 64-Bit Server VM (17.0.6+1-b653.34, mixed mode, sharing, tiered, compressed oops, compressed class ptrs, g1 gc, windows-amd64)
# No core dump will be written. Minidumps are not enabled by default on client versions of Windows
#

---------------  S U M M A R Y ------------

Command Line: git4idea.http.GitAskPassApp Username for 'https://github.com': 

Host: Intel(R) Core(TM) i5-7200U CPU @ 2.50GHz, 4 cores, 7G,  Windows 10 , 64 bit Build 19041 (10.0.19041.3636)
Time: Tue Mar 12 13:25:28 2024 Sri Lanka Standard Time elapsed time: 0.025309 seconds (0d 0h 0m 0s)

---------------  T H R E A D  ---------------

Current thread (0x0000019a34d45ec0):  JavaThread "Unknown thread" [_thread_in_vm, id=6516, stack(0x0000006855100000,0x0000006855200000)]

Stack: [0x0000006855100000,0x0000006855200000]
Native frames: (J=compiled Java code, j=interpreted, Vv=VM code, C=native code)
V  [jvm.dll+0x683b4a]
V  [jvm.dll+0x842654]
V  [jvm.dll+0x843dfe]
V  [jvm.dll+0x844463]
V  [jvm.dll+0x249b75]
V  [jvm.dll+0x680a19]
V  [jvm.dll+0x674f0a]
V  [jvm.dll+0x309acb]
V  [jvm.dll+0x310f86]
V  [jvm.dll+0x3608ee]
V  [jvm.dll+0x360b1f]
V  [jvm.dll+0x2dfbf8]
V  [jvm.dll+0x2e0b64]
V  [jvm.dll+0x813f41]
V  [jvm.dll+0x36e6a1]
V  [jvm.dll+0x7f347c]
V  [jvm.dll+0x3f0e8f]
V  [jvm.dll+0x3f29d1]
C  [jli.dll+0x526b]
C  [ucrtbase.dll+0x21bb2]
C  [KERNEL32.DLL+0x17344]
C  [ntdll.dll+0x526b1]


---------------  P R O C E S S  ---------------

Threads class SMR info:
_java_thread_list=0x00007ffd7f67c058, length=0, elements={
}

Java Threads: ( => current thread )

Other Threads:
  0x0000019a34d9f610 GCTaskThread "GC Thread#0" [stack: 0x0000006855200000,0x0000006855300000] [id=20724]
  0x0000019a34db01d0 ConcurrentGCThread "G1 Main Marker" [stack: 0x0000006855300000,0x0000006855400000] [id=27480]
  0x0000019a34db2390 ConcurrentGCThread "G1 Conc#0" [stack: 0x0000006855400000,0x0000006855500000] [id=27180]

[error occurred during error reporting (printing all threads), id 0xc0000005, EXCEPTION_ACCESS_VIOLATION (0xc0000005) at pc=0x00007ffd7ee30797]

VM state: not at safepoint (not fully initialized)

VM Mutex/Monitor currently owned by a thread:  ([mutex/lock_event])
[0x0000019a34d406d0] Heap_lock - owner thread: 0x0000019a34d45ec0

Heap address: 0x0000000081c00000, size: 2020 MB, Compressed Oops mode: 32-bit

CDS archive(s) mapped at: [0x0000000000000000-0x0000000000000000-0x0000000000000000), size 0, SharedBaseAddress: 0x0000000800000000, ArchiveRelocationMode: 0.
Narrow klass base: 0x0000000000000000, Narrow klass shift: 0, Narrow klass range: 0x0

GC Precious Log:
<Empty>

Heap:
 garbage-first heap   total 0K, used 0K [0x0000000081c00000, 0x0000000100000000)
  region size 1024K, 0 young (0K), 0 survivors (0K)

[error occurred during error reporting (printing heap information), id 0xc0000005, EXCEPTION_ACCESS_VIOLATION (0xc0000005) at pc=0x00007ffd7f21d939]

GC Heap History (0 events):
No events

Dll operation events (1 events):
Event: 0.016 Loaded shared library C:\Program Files\JetBrains\PyCharm Community Edition 2022.3.3\jbr\bin\java.dll

Deoptimization events (0 events):
No events

Classes unloaded (0 events):
No events

Classes redefined (0 events):
No events

Internal exceptions (0 events):
No events

VM Operations (0 events):
No events

Events (0 events):
No events


Dynamic libraries:
0x00007ff601390000 - 0x00007ff60139a000 	C:\Program Files\JetBrains\PyCharm Community Edition 2022.3.3\jbr\bin\java.exe
0x00007ffde40d0000 - 0x00007ffde42c8000 	C:\Windows\SYSTEM32\ntdll.dll
0x00007ffde2f70000 - 0x00007ffde302d000 	C:\Windows\System32\KERNEL32.DLL
0x00007ffde1a40000 - 0x00007ffde1d36000 	C:\Windows\System32\KERNELBASE.dll
0x00007ffde2010000 - 0x00007ffde2110000 	C:\Windows\System32\ucrtbase.dll
0x00007ffdc5820000 - 0x00007ffdc5837000 	C:\Program Files\JetBrains\PyCharm Community Edition 2022.3.3\jbr\bin\jli.dll
0x00007ffda7950000 - 0x00007ffda796b000 	C:\Program Files\JetBrains\PyCharm Community Edition 2022.3.3\jbr\bin\VCRUNTIME140.dll
0x00007ffde3ee0000 - 0x00007ffde407e000 	C:\Windows\System32\USER32.dll
0x00007ffde1fe0000 - 0x00007ffde2002000 	C:\Windows\System32\win32u.dll
0x00007ffde2650000 - 0x00007ffde267b000 	C:\Windows\System32\GDI32.dll
0x00007ffdc7000000 - 0x00007ffdc729a000 	C:\Windows\WinSxS\amd64_microsoft.windows.common-controls_6595b64144ccf1df_6.0.19041.3636_none_60b6a03d71f818d5\COMCTL32.dll
0x00007ffde1850000 - 0x00007ffde1967000 	C:\Windows\System32\gdi32full.dll
0x00007ffde2b60000 - 0x00007ffde2bfe000 	C:\Windows\System32\msvcrt.dll
0x00007ffde1970000 - 0x00007ffde1a0d000 	C:\Windows\System32\msvcp_win.dll
0x00007ffde3ea0000 - 0x00007ffde3ed2000 	C:\Windows\System32\IMM32.DLL
0x00007ffdbd810000 - 0x00007ffdbd81c000 	C:\Program Files\JetBrains\PyCharm Community Edition 2022.3.3\jbr\bin\vcruntime140_1.dll
0x00007ffd7b220000 - 0x00007ffd7b2ad000 	C:\Program Files\JetBrains\PyCharm Community Edition 2022.3.3\jbr\bin\msvcp140.dll
0x00007ffd7eb40000 - 0x00007ffd7f7ad000 	C:\Program Files\JetBrains\PyCharm Community Edition 2022.3.3\jbr\bin\server\jvm.dll
0x00007ffde2680000 - 0x00007ffde2733000 	C:\Windows\System32\ADVAPI32.dll
0x00007ffde2ac0000 - 0x00007ffde2b5f000 	C:\Windows\System32\sechost.dll
0x00007ffde3030000 - 0x00007ffde3156000 	C:\Windows\System32\RPCRT4.dll
0x00007ffde1a10000 - 0x00007ffde1a37000 	C:\Windows\System32\bcrypt.dll
0x00007ffdc7980000 - 0x00007ffdc79a7000 	C:\Windows\SYSTEM32\WINMM.dll
0x00007ffddaa10000 - 0x00007ffddaa1a000 	C:\Windows\SYSTEM32\VERSION.dll
0x00007ffddce30000 - 0x00007ffddce39000 	C:\Windows\SYSTEM32\WSOCK32.dll
0x00007ffde3e30000 - 0x00007ffde3e9b000 	C:\Windows\System32\WS2_32.dll
0x00007ffddff90000 - 0x00007ffddffa2000 	C:\Windows\SYSTEM32\kernel.appcore.dll
0x00007ffddce20000 - 0x00007ffddce2a000 	C:\Program Files\JetBrains\PyCharm Community Edition 2022.3.3\jbr\bin\jimage.dll
0x00007ffddf480000 - 0x00007ffddf664000 	C:\Windows\SYSTEM32\DBGHELP.DLL
0x00007ffdc9590000 - 0x00007ffdc95c4000 	C:\Windows\SYSTEM32\dbgcore.DLL
0x00007ffde1d40000 - 0x00007ffde1dc2000 	C:\Windows\System32\bcryptPrimitives.dll
0x00007ffdbe8e0000 - 0x00007ffdbe905000 	C:\Program Files\JetBrains\PyCharm Community Edition 2022.3.3\jbr\bin\java.dll

dbghelp: loaded successfully - version: 4.0.5 - missing functions: none
symbol engine: initialized successfully - sym options: 0x614 - pdb path: .;C:\Program Files\JetBrains\PyCharm Community Edition 2022.3.3\jbr\bin;C:\Windows\SYSTEM32;C:\Windows\WinSxS\amd64_microsoft.windows.common-controls_6595b64144ccf1df_6.0.19041.3636_none_60b6a03d71f818d5;C:\Program Files\JetBrains\PyCharm Community Edition 2022.3.3\jbr\bin\server

VM Arguments:
java_command: git4idea.http.GitAskPassApp Username for 'https://github.com': 
java_class_path (initial): C:/Program Files/JetBrains/PyCharm Community Edition 2022.3.3/plugins/vcs-git/lib/git4idea-rt.jar;C:/Program Files/JetBrains/PyCharm Community Edition 2022.3.3/lib/externalProcess-rt.jar;C:/Program Files/JetBrains/PyCharm Community Edition 2022.3.3/lib/app.jar;C:/Program Files/JetBrains/PyCharm Community Edition 2022.3.3/lib/3rd-party-rt.jar
Launcher Type: SUN_STANDARD

[Global flags]
     intx CICompilerCount                          = 3                                         {product} {ergonomic}
     uint ConcGCThreads                            = 1                                         {product} {ergonomic}
     uint G1ConcRefinementThreads                  = 4                                         {product} {ergonomic}
   size_t G1HeapRegionSize                         = 1048576                                   {product} {ergonomic}
    uintx GCDrainStackTargetSize                   = 64                                        {product} {ergonomic}
   size_t InitialHeapSize                          = 134217728                                 {product} {ergonomic}
   size_t MarkStackSize                            = 4194304                                   {product} {ergonomic}
   size_t MaxHeapSize                              = 2118123520                                {product} {ergonomic}
   size_t MinHeapDeltaBytes                        = 1048576                                   {product} {ergonomic}
   size_t MinHeapSize                              = 8388608                                   {product} {ergonomic}
    uintx NonNMethodCodeHeapSize                   = 5832780                                {pd product} {ergonomic}
    uintx NonProfiledCodeHeapSize                  = 122912730                              {pd product} {ergonomic}
    uintx ProfiledCodeHeapSize                     = 122912730                              {pd product} {ergonomic}
    uintx ReservedCodeCacheSize                    = 251658240                              {pd product} {ergonomic}
     bool SegmentedCodeCache                       = true                                      {product} {ergonomic}
   size_t SoftMaxHeapSize                          = 2118123520                             {manageable} {ergonomic}
     bool UseCompressedClassPointers               = true                           {product lp64_product} {ergonomic}
     bool UseCompressedOops                        = true                           {product lp64_product} {ergonomic}
     bool UseG1GC                                  = true                                      {product} {ergonomic}
     bool UseLargePagesIndividualAllocation        = false                                  {pd product} {ergonomic}

Logging:
Log output configuration:
 #0: stdout all=warning uptime,level,tags
 #1: stderr all=off uptime,level,tags

Environment Variables:
JAVA_HOME=C:\Program Files\Java\jdk-11.0.2
PATH=C:/Program Files/Git/mingw64/libexec/git-core;C:/Program Files/Git/mingw64/libexec/git-core;C:\Program Files\Git\mingw64\bin;C:\Program Files\Git\usr\bin;C:\Users\USER\bin;C:\Users\USER\anaconda3;C:\Users\USER\anaconda3\Library\mingw-w64\bin;C:\Users\USER\anaconda3\Library\usr\bin;C:\Users\USER\anaconda3\Library\bin;C:\Users\USER\anaconda3\Scripts;C:\Users\USER\anaconda3\bin;C:\Users\USER\anaconda3\condabin;C:\Program Files\Python312\Scripts;C:\Program Files\Python312;C:\Program Files\Python310\Scripts;C:\Program Files\Python310;C:\Program Files\Common Files\Oracle\Java\javapath;C:\Program Files (x86)\Common Files\Oracle\Java\javapath;C:\Windows\system32;C:\Windows;C:\Windows\System32\Wbem;C:\Windows\System32\WindowsPowerShell\v1.0;C:\Windows\System32\OpenSSH;C:\Program Files\dotnet;C:\Program Files\Java\jdk-11.0.2\bin;C:\Program Files (x86)\nodejs;C:\Program Files\MySQL\MySQL Server 8.0\bin;C:\Users\USER\AppData\Roaming\Microsoft\Windows\Start Menu\Programs\Python 3.12;C:\Program Files\Python310;C:\Program Files\Docker\Docker\resources\bin;C:\Program Files\Git\cmd;C:\Program Files\MySQL\MySQL Shell 8.0\bin;C:\Users\USER\AppData\Local\Microsoft\WindowsApps;C:\Users\USER\AppData\Local\Programs\MiKTeX\miktex\bin\x64;C:\Users\USER\AppData\Local\Programs\Microsoft VS Code\bin;C:\Users\USER\AppData\Roaming\npm;C:\Program Files\Python310;.
USERNAME=Nikoya Samaranayake
DISPLAY=:0.0
LC_ALL=en_US.UTF-8
TERM=xterm-256color
TMPDIR=C:\Users\USER\AppData\Local\Temp
OS=Windows_NT
PROCESSOR_IDENTIFIER=Intel64 Family 6 Model 142 Stepping 9, GenuineIntel
TMP=C:\Users\USER\AppData\Local\Temp
TEMP=C:\Users\USER\AppData\Local\Temp



---------------  S Y S T E M  ---------------

OS:
 Windows 10 , 64 bit Build 19041 (10.0.19041.3636)
OS uptime: 4 days 6:57 hours
Hyper-V role detected

CPU: total 4 (initial active 4) (2 cores per cpu, 2 threads per core) family 6 model 142 stepping 9 microcode 0xb4, cx8, cmov, fxsr, ht, mmx, 3dnowpref, sse, sse2, sse3, ssse3, sse4.1, sse4.2, popcnt, lzcnt, tsc, tscinvbit, avx, avx2, aes, erms, clmul, bmi1, bmi2, adx, fma, vzeroupper, clflush, clflushopt, hv

Memory: 4k page, system-wide physical 8078M (430M free)
TotalPageFile size 32654M (AvailPageFile size 90M)
current process WorkingSet (physical memory assigned to process): 10M, peak: 10M
current process commit charge ("private bytes"): 52M, peak: 180M

vm_info: OpenJDK 64-Bit Server VM (17.0.6+1-b653.34) for windows-amd64 JRE (17.0.6+1-b653.34), built on 2023-02-24 by "builduser" with MS VC++ 16.10 / 16.11 (VS2019)

END.
